[0.568s] Invoking command in '/home/kaarthiksiva/ros2_ws/src/my_robot_controller': PYTHONPATH=/home/kaarthiksiva/ros2_ws/build/my_robot_controller/prefix_override:/home/kaarthiksiva/ros2_ws/install/my_robot_controller/lib/python3.10/site-packages:${PYTHONPATH} /usr/bin/python3 setup.py egg_info --egg-base ../../build/my_robot_controller build --build-base /home/kaarthiksiva/ros2_ws/build/my_robot_controller/build install --record /home/kaarthiksiva/ros2_ws/build/my_robot_controller/install.log --single-version-externally-managed
[0.723s] running egg_info
[0.723s] creating ../../build/my_robot_controller/my_robot_controller.egg-info
[0.723s] writing ../../build/my_robot_controller/my_robot_controller.egg-info/PKG-INFO
[0.724s] writing dependency_links to ../../build/my_robot_controller/my_robot_controller.egg-info/dependency_links.txt
[0.724s] writing entry points to ../../build/my_robot_controller/my_robot_controller.egg-info/entry_points.txt
[0.724s] writing requirements to ../../build/my_robot_controller/my_robot_controller.egg-info/requires.txt
[0.724s] writing top-level names to ../../build/my_robot_controller/my_robot_controller.egg-info/top_level.txt
[0.724s] writing manifest file '../../build/my_robot_controller/my_robot_controller.egg-info/SOURCES.txt'
[0.725s] reading manifest file '../../build/my_robot_controller/my_robot_controller.egg-info/SOURCES.txt'
[0.725s] writing manifest file '../../build/my_robot_controller/my_robot_controller.egg-info/SOURCES.txt'
[0.725s] running build
[0.725s] running build_py
[0.725s] creating /home/kaarthiksiva/ros2_ws/build/my_robot_controller/build
[0.725s] creating /home/kaarthiksiva/ros2_ws/build/my_robot_controller/build/lib
[0.726s] creating /home/kaarthiksiva/ros2_ws/build/my_robot_controller/build/lib/my_robot_controller
[0.726s] copying my_robot_controller/__init__.py -> /home/kaarthiksiva/ros2_ws/build/my_robot_controller/build/lib/my_robot_controller
[0.726s] running install
[0.733s] /usr/lib/python3/dist-packages/setuptools/command/install.py:34: SetuptoolsDeprecationWarning: setup.py install is deprecated. Use build and pip and other standards-based tools.
[0.733s]   warnings.warn(
[0.733s] running install_lib
[0.734s] creating /home/kaarthiksiva/ros2_ws/install/my_robot_controller/lib/python3.10/site-packages/my_robot_controller
[0.734s] copying /home/kaarthiksiva/ros2_ws/build/my_robot_controller/build/lib/my_robot_controller/__init__.py -> /home/kaarthiksiva/ros2_ws/install/my_robot_controller/lib/python3.10/site-packages/my_robot_controller
[0.734s] byte-compiling /home/kaarthiksiva/ros2_ws/install/my_robot_controller/lib/python3.10/site-packages/my_robot_controller/__init__.py to __init__.cpython-310.pyc
[0.734s] running install_data
[0.735s] creating /home/kaarthiksiva/ros2_ws/install/my_robot_controller/share/ament_index
[0.735s] creating /home/kaarthiksiva/ros2_ws/install/my_robot_controller/share/ament_index/resource_index
[0.735s] creating /home/kaarthiksiva/ros2_ws/install/my_robot_controller/share/ament_index/resource_index/packages
[0.735s] copying resource/my_robot_controller -> /home/kaarthiksiva/ros2_ws/install/my_robot_controller/share/ament_index/resource_index/packages
[0.735s] copying package.xml -> /home/kaarthiksiva/ros2_ws/install/my_robot_controller/share/my_robot_controller
[0.735s] running install_egg_info
[0.747s] Copying ../../build/my_robot_controller/my_robot_controller.egg-info to /home/kaarthiksiva/ros2_ws/install/my_robot_controller/lib/python3.10/site-packages/my_robot_controller-0.0.0-py3.10.egg-info
[0.748s] running install_scripts
[0.767s] writing list of installed files to '/home/kaarthiksiva/ros2_ws/build/my_robot_controller/install.log'
[0.787s] Invoked command in '/home/kaarthiksiva/ros2_ws/src/my_robot_controller' returned '0': PYTHONPATH=/home/kaarthiksiva/ros2_ws/build/my_robot_controller/prefix_override:/home/kaarthiksiva/ros2_ws/install/my_robot_controller/lib/python3.10/site-packages:${PYTHONPATH} /usr/bin/python3 setup.py egg_info --egg-base ../../build/my_robot_controller build --build-base /home/kaarthiksiva/ros2_ws/build/my_robot_controller/build install --record /home/kaarthiksiva/ros2_ws/build/my_robot_controller/install.log --single-version-externally-managed
