[0.577s] Invoking command in '/home/kaarthiksiva/ros2_ws/src/my_robot_controller': PYTHONPATH=/home/kaarthiksiva/ros2_ws/build/my_robot_controller/prefix_override:/home/kaarthiksiva/ros2_ws/install/my_robot_controller/lib/python3.10/site-packages:${PYTHONPATH} /usr/bin/python3 setup.py egg_info --egg-base ../../build/my_robot_controller build --build-base /home/kaarthiksiva/ros2_ws/build/my_robot_controller/build install --record /home/kaarthiksiva/ros2_ws/build/my_robot_controller/install.log --single-version-externally-managed
[0.743s] running egg_info
[0.743s] writing ../../build/my_robot_controller/my_robot_controller.egg-info/PKG-INFO
[0.751s] writing dependency_links to ../../build/my_robot_controller/my_robot_controller.egg-info/dependency_links.txt
[0.751s] writing entry points to ../../build/my_robot_controller/my_robot_controller.egg-info/entry_points.txt
[0.751s] writing requirements to ../../build/my_robot_controller/my_robot_controller.egg-info/requires.txt
[0.751s] writing top-level names to ../../build/my_robot_controller/my_robot_controller.egg-info/top_level.txt
[0.753s] reading manifest file '../../build/my_robot_controller/my_robot_controller.egg-info/SOURCES.txt'
[0.753s] writing manifest file '../../build/my_robot_controller/my_robot_controller.egg-info/SOURCES.txt'
[0.753s] running build
[0.753s] running build_py
[0.754s] copying my_robot_controller/my_first_node.py -> /home/kaarthiksiva/ros2_ws/build/my_robot_controller/build/lib/my_robot_controller
[0.754s] running install
[0.754s] running install_lib
[0.755s] copying /home/kaarthiksiva/ros2_ws/build/my_robot_controller/build/lib/my_robot_controller/my_first_node.py -> /home/kaarthiksiva/ros2_ws/install/my_robot_controller/lib/python3.10/site-packages/my_robot_controller
[0.755s] byte-compiling /home/kaarthiksiva/ros2_ws/install/my_robot_controller/lib/python3.10/site-packages/my_robot_controller/my_first_node.py to my_first_node.cpython-310.pyc
[0.755s] running install_data
[0.756s] running install_egg_info
[0.768s] removing '/home/kaarthiksiva/ros2_ws/install/my_robot_controller/lib/python3.10/site-packages/my_robot_controller-0.0.0-py3.10.egg-info' (and everything under it)
[0.768s] Copying ../../build/my_robot_controller/my_robot_controller.egg-info to /home/kaarthiksiva/ros2_ws/install/my_robot_controller/lib/python3.10/site-packages/my_robot_controller-0.0.0-py3.10.egg-info
[0.768s] running install_scripts
[0.788s] Installing test_node script to /home/kaarthiksiva/ros2_ws/install/my_robot_controller/lib/my_robot_controller
[0.788s] writing list of installed files to '/home/kaarthiksiva/ros2_ws/build/my_robot_controller/install.log'
[0.809s] Invoked command in '/home/kaarthiksiva/ros2_ws/src/my_robot_controller' returned '0': PYTHONPATH=/home/kaarthiksiva/ros2_ws/build/my_robot_controller/prefix_override:/home/kaarthiksiva/ros2_ws/install/my_robot_controller/lib/python3.10/site-packages:${PYTHONPATH} /usr/bin/python3 setup.py egg_info --egg-base ../../build/my_robot_controller build --build-base /home/kaarthiksiva/ros2_ws/build/my_robot_controller/build install --record /home/kaarthiksiva/ros2_ws/build/my_robot_controller/install.log --single-version-externally-managed
