[0.913s] Invoking command in '/home/kaarthiksiva/ros2_ws/src/my_robot_controller': PYTHONPATH=/home/kaarthiksiva/ros2_ws/build/my_robot_controller/prefix_override:/home/kaarthiksiva/ros2_ws/install/my_robot_controller/lib/python3.10/site-packages:${PYTHONPATH} /usr/bin/python3 setup.py egg_info --egg-base ../../build/my_robot_controller build --build-base /home/kaarthiksiva/ros2_ws/build/my_robot_controller/build install --record /home/kaarthiksiva/ros2_ws/build/my_robot_controller/install.log --single-version-externally-managed
[1.169s] running egg_info
[1.170s] writing ../../build/my_robot_controller/my_robot_controller.egg-info/PKG-INFO
[1.170s] writing dependency_links to ../../build/my_robot_controller/my_robot_controller.egg-info/dependency_links.txt
[1.170s] writing entry points to ../../build/my_robot_controller/my_robot_controller.egg-info/entry_points.txt
[1.170s] writing requirements to ../../build/my_robot_controller/my_robot_controller.egg-info/requires.txt
[1.170s] writing top-level names to ../../build/my_robot_controller/my_robot_controller.egg-info/top_level.txt
[1.174s] reading manifest file '../../build/my_robot_controller/my_robot_controller.egg-info/SOURCES.txt'
[1.175s] writing manifest file '../../build/my_robot_controller/my_robot_controller.egg-info/SOURCES.txt'
[1.175s] running build
[1.175s] running build_py
[1.176s] running install
[1.176s] running install_lib
[1.178s] running install_data
[1.178s] running install_egg_info
[1.201s] removing '/home/kaarthiksiva/ros2_ws/install/my_robot_controller/lib/python3.10/site-packages/my_robot_controller-0.0.0-py3.10.egg-info' (and everything under it)
[1.201s] Copying ../../build/my_robot_controller/my_robot_controller.egg-info to /home/kaarthiksiva/ros2_ws/install/my_robot_controller/lib/python3.10/site-packages/my_robot_controller-0.0.0-py3.10.egg-info
[1.202s] running install_scripts
[1.244s] writing list of installed files to '/home/kaarthiksiva/ros2_ws/build/my_robot_controller/install.log'
[1.306s] Invoked command in '/home/kaarthiksiva/ros2_ws/src/my_robot_controller' returned '0': PYTHONPATH=/home/kaarthiksiva/ros2_ws/build/my_robot_controller/prefix_override:/home/kaarthiksiva/ros2_ws/install/my_robot_controller/lib/python3.10/site-packages:${PYTHONPATH} /usr/bin/python3 setup.py egg_info --egg-base ../../build/my_robot_controller build --build-base /home/kaarthiksiva/ros2_ws/build/my_robot_controller/build install --record /home/kaarthiksiva/ros2_ws/build/my_robot_controller/install.log --single-version-externally-managed
